This file contains any messages produced by compilers while
running configure, to aid debugging if configure makes a mistake.

It was created by hpctoolkit-externals configure 2017.10, which was
generated by GNU Autoconf 2.69.  Invocation command line was

  $ ../configure --prefix=/home/proy/CCProf/CCProf/hpcToolKit/installDirExternal

## --------- ##
## Platform. ##
## --------- ##

hostname = ike
uname -m = x86_64
uname -r = 4.4.0-93-generic
uname -s = Linux
uname -v = #116-Ubuntu SMP Fri Aug 11 21:17:51 UTC 2017

/usr/bin/uname -p = unknown
/bin/uname -X     = unknown

/bin/arch              = unknown
/usr/bin/arch -k       = unknown
/usr/convex/getsysinfo = unknown
/usr/bin/hostinfo      = unknown
/bin/machine           = unknown
/usr/bin/oslevel       = unknown
/bin/universe          = unknown

PATH: /home/proy/bin
PATH: /home/proy/.local/bin
PATH: /usr/local/sbin
PATH: /usr/local/bin
PATH: /usr/sbin
PATH: /usr/bin
PATH: /sbin
PATH: /bin
PATH: /usr/games
PATH: /usr/local/games
PATH: /snap/bin


## ----------- ##
## Core tests. ##
## ----------- ##

configure:2356: checking for gcc
configure:2383: result: gcc
configure:2612: checking for C compiler version
configure:2621: gcc --version >&5
gcc (Ubuntu 5.4.0-6ubuntu1~16.04.4) 5.4.0 20160609
Copyright (C) 2015 Free Software Foundation, Inc.
This is free software; see the source for copying conditions.  There is NO
warranty; not even for MERCHANTABILITY or FITNESS FOR A PARTICULAR PURPOSE.

configure:2632: $? = 0
configure:2621: gcc -v >&5
Using built-in specs.
COLLECT_GCC=gcc
COLLECT_LTO_WRAPPER=/usr/lib/gcc/x86_64-linux-gnu/5/lto-wrapper
Target: x86_64-linux-gnu
Configured with: ../src/configure -v --with-pkgversion='Ubuntu 5.4.0-6ubuntu1~16.04.4' --with-bugurl=file:///usr/share/doc/gcc-5/README.Bugs --enable-languages=c,ada,c++,java,go,d,fortran,objc,obj-c++ --prefix=/usr --program-suffix=-5 --enable-shared --enable-linker-build-id --libexecdir=/usr/lib --without-included-gettext --enable-threads=posix --libdir=/usr/lib --enable-nls --with-sysroot=/ --enable-clocale=gnu --enable-libstdcxx-debug --enable-libstdcxx-time=yes --with-default-libstdcxx-abi=new --enable-gnu-unique-object --disable-vtable-verify --enable-libmpx --enable-plugin --with-system-zlib --disable-browser-plugin --enable-java-awt=gtk --enable-gtk-cairo --with-java-home=/usr/lib/jvm/java-1.5.0-gcj-5-amd64/jre --enable-java-home --with-jvm-root-dir=/usr/lib/jvm/java-1.5.0-gcj-5-amd64 --with-jvm-jar-dir=/usr/lib/jvm-exports/java-1.5.0-gcj-5-amd64 --with-arch-directory=amd64 --with-ecj-jar=/usr/share/java/eclipse-ecj.jar --enable-objc-gc --enable-multiarch --disable-werror --with-arch-32=i686 --with-abi=m64 --with-multilib-list=m32,m64,mx32 --enable-multilib --with-tune=generic --enable-checking=release --build=x86_64-linux-gnu --host=x86_64-linux-gnu --target=x86_64-linux-gnu
Thread model: posix
gcc version 5.4.0 20160609 (Ubuntu 5.4.0-6ubuntu1~16.04.4) 
configure:2632: $? = 0
configure:2621: gcc -V >&5
gcc: error: unrecognized command line option '-V'
gcc: fatal error: no input files
compilation terminated.
configure:2632: $? = 1
configure:2621: gcc -qversion >&5
gcc: error: unrecognized command line option '-qversion'
gcc: fatal error: no input files
compilation terminated.
configure:2632: $? = 1
configure:2652: checking whether the C compiler works
configure:2674: gcc    conftest.c  >&5
configure:2678: $? = 0
configure:2726: result: yes
configure:2729: checking for C compiler default output file name
configure:2731: result: a.out
configure:2737: checking for suffix of executables
configure:2744: gcc -o conftest    conftest.c  >&5
configure:2748: $? = 0
configure:2770: result: 
configure:2792: checking whether we are cross compiling
configure:2800: gcc -o conftest    conftest.c  >&5
configure:2804: $? = 0
configure:2811: ./conftest
configure:2815: $? = 0
configure:2830: result: no
configure:2835: checking for suffix of object files
configure:2857: gcc -c   conftest.c >&5
configure:2861: $? = 0
configure:2882: result: o
configure:2886: checking whether we are using the GNU C compiler
configure:2905: gcc -c   conftest.c >&5
configure:2905: $? = 0
configure:2914: result: yes
configure:2923: checking whether gcc accepts -g
configure:2943: gcc -c -g  conftest.c >&5
configure:2943: $? = 0
configure:2984: result: yes
configure:3001: checking for gcc option to accept ISO C89
configure:3064: gcc  -c -g -O2  conftest.c >&5
configure:3064: $? = 0
configure:3077: result: none needed
configure:3209: checking for C++ compiler version
configure:3218: g++ --version >&5
g++ (Ubuntu 5.4.0-6ubuntu1~16.04.4) 5.4.0 20160609
Copyright (C) 2015 Free Software Foundation, Inc.
This is free software; see the source for copying conditions.  There is NO
warranty; not even for MERCHANTABILITY or FITNESS FOR A PARTICULAR PURPOSE.

configure:3229: $? = 0
configure:3218: g++ -v >&5
Using built-in specs.
COLLECT_GCC=g++
COLLECT_LTO_WRAPPER=/usr/lib/gcc/x86_64-linux-gnu/5/lto-wrapper
Target: x86_64-linux-gnu
Configured with: ../src/configure -v --with-pkgversion='Ubuntu 5.4.0-6ubuntu1~16.04.4' --with-bugurl=file:///usr/share/doc/gcc-5/README.Bugs --enable-languages=c,ada,c++,java,go,d,fortran,objc,obj-c++ --prefix=/usr --program-suffix=-5 --enable-shared --enable-linker-build-id --libexecdir=/usr/lib --without-included-gettext --enable-threads=posix --libdir=/usr/lib --enable-nls --with-sysroot=/ --enable-clocale=gnu --enable-libstdcxx-debug --enable-libstdcxx-time=yes --with-default-libstdcxx-abi=new --enable-gnu-unique-object --disable-vtable-verify --enable-libmpx --enable-plugin --with-system-zlib --disable-browser-plugin --enable-java-awt=gtk --enable-gtk-cairo --with-java-home=/usr/lib/jvm/java-1.5.0-gcj-5-amd64/jre --enable-java-home --with-jvm-root-dir=/usr/lib/jvm/java-1.5.0-gcj-5-amd64 --with-jvm-jar-dir=/usr/lib/jvm-exports/java-1.5.0-gcj-5-amd64 --with-arch-directory=amd64 --with-ecj-jar=/usr/share/java/eclipse-ecj.jar --enable-objc-gc --enable-multiarch --disable-werror --with-arch-32=i686 --with-abi=m64 --with-multilib-list=m32,m64,mx32 --enable-multilib --with-tune=generic --enable-checking=release --build=x86_64-linux-gnu --host=x86_64-linux-gnu --target=x86_64-linux-gnu
Thread model: posix
gcc version 5.4.0 20160609 (Ubuntu 5.4.0-6ubuntu1~16.04.4) 
configure:3229: $? = 0
configure:3218: g++ -V >&5
g++: error: unrecognized command line option '-V'
g++: fatal error: no input files
compilation terminated.
configure:3229: $? = 1
configure:3218: g++ -qversion >&5
g++: error: unrecognized command line option '-qversion'
g++: fatal error: no input files
compilation terminated.
configure:3229: $? = 1
configure:3233: checking whether we are using the GNU C++ compiler
configure:3252: g++ -c   conftest.cpp >&5
configure:3252: $? = 0
configure:3261: result: yes
configure:3270: checking whether g++ accepts -g
configure:3290: g++ -c -g  conftest.cpp >&5
configure:3290: $? = 0
configure:3331: result: yes
configure:3359: checking build system type
configure:3373: result: x86_64-unknown-linux-gnu
configure:3393: checking host system type
configure:3406: result: x86_64-unknown-linux-gnu
configure:3515: checking for gcc
configure:3533: found /usr/bin/gcc
configure:3545: result: /usr/bin/gcc
configure:3578: checking for g++
configure:3596: found /usr/bin/g++
configure:3608: result: /usr/bin/g++
configure:3628: C compiler: gcc (Ubuntu 5.4.0-6ubuntu1~16.04.4) 5.4.0 20160609
configure:3630: C++ compiler: g++ (Ubuntu 5.4.0-6ubuntu1~16.04.4) 5.4.0 20160609
configure:3671: checking for CXXFLAGS for std C++11
configure:3710: g++ -c -g -O2   conftest.cpp >&5
conftest.cpp: In function 'int mylen(std::__cxx11::list<int>)':
conftest.cpp:15:15: error: 'it' does not name a type
     for (auto it = lst.begin(); it != lst.end(); it++) {
               ^
conftest.cpp:15:33: error: expected ';' before 'it'
     for (auto it = lst.begin(); it != lst.end(); it++) {
                                 ^
conftest.cpp:15:33: error: 'it' was not declared in this scope
configure:3710: $? = 1
configure: failed program was:
| /* confdefs.h */
| #define PACKAGE_NAME "hpctoolkit-externals"
| #define PACKAGE_TARNAME "hpctoolkit-externals"
| #define PACKAGE_VERSION "2017.10"
| #define PACKAGE_STRING "hpctoolkit-externals 2017.10"
| #define PACKAGE_BUGREPORT "hpctoolkit-forum@rice.edu"
| #define PACKAGE_URL "http://hpctoolkit.org/"
| /* end confdefs.h.  */
| 
| 
| #include <list>
| int mylen(std::list <int> lst)
| {
|     int ans = 0;
|     for (auto it = lst.begin(); it != lst.end(); it++) {
|         ans++;
|     }
|     return ans;
| }
| 
configure:3710: g++ -c -g -O2   conftest.cpp >&5
conftest.cpp: In function 'int mylen(std::__cxx11::list<int>)':
conftest.cpp:15:15: error: 'it' does not name a type
     for (auto it = lst.begin(); it != lst.end(); it++) {
               ^
conftest.cpp:15:33: error: expected ';' before 'it'
     for (auto it = lst.begin(); it != lst.end(); it++) {
                                 ^
conftest.cpp:15:33: error: 'it' was not declared in this scope
configure:3710: $? = 1
configure: failed program was:
| /* confdefs.h */
| #define PACKAGE_NAME "hpctoolkit-externals"
| #define PACKAGE_TARNAME "hpctoolkit-externals"
| #define PACKAGE_VERSION "2017.10"
| #define PACKAGE_STRING "hpctoolkit-externals 2017.10"
| #define PACKAGE_BUGREPORT "hpctoolkit-forum@rice.edu"
| #define PACKAGE_URL "http://hpctoolkit.org/"
| /* end confdefs.h.  */
| 
| 
| #include <list>
| int mylen(std::list <int> lst)
| {
|     int ans = 0;
|     for (auto it = lst.begin(); it != lst.end(); it++) {
|         ans++;
|     }
|     return ans;
| }
| 
configure:3710: g++ -c -g -O2 -std=c++11  conftest.cpp >&5
configure:3710: $? = 0
configure:3731: result: -std=c++11
configure:3751: checking for option for PIC
configure:3778: gcc -c -g -O2 -fPIC  conftest.c >&5
configure:3778: $? = 0
configure:3799: result: -fPIC
configure:3819: checking for gnu make
configure:3830: result: make
configure:3851: checking for cmake
configure:3867: found /usr/bin/cmake
configure:3879: result: yes
configure:3897: cmake version 3.5.1
configure:3974: checking for objcopy
configure:3990: found /usr/bin/objcopy
configure:4001: result: objcopy
configure:4032: checking if objcopy works
gcc -g -O2 -c conftest.13869.c -o conftest.13869.o
objcopy --redefine-sym foo=baz conftest.13869.o conftest-new.13869.o
configure:4056: result: yes
configure:4079: checking how to run the C preprocessor
configure:4110: gcc -E  conftest.c
configure:4110: $? = 0
configure:4124: gcc -E  conftest.c
conftest.c:9:28: fatal error: ac_nonexistent.h: No such file or directory
compilation terminated.
configure:4124: $? = 1
configure: failed program was:
| /* confdefs.h */
| #define PACKAGE_NAME "hpctoolkit-externals"
| #define PACKAGE_TARNAME "hpctoolkit-externals"
| #define PACKAGE_VERSION "2017.10"
| #define PACKAGE_STRING "hpctoolkit-externals 2017.10"
| #define PACKAGE_BUGREPORT "hpctoolkit-forum@rice.edu"
| #define PACKAGE_URL "http://hpctoolkit.org/"
| /* end confdefs.h.  */
| #include <ac_nonexistent.h>
configure:4149: result: gcc -E
configure:4169: gcc -E  conftest.c
configure:4169: $? = 0
configure:4183: gcc -E  conftest.c
conftest.c:9:28: fatal error: ac_nonexistent.h: No such file or directory
compilation terminated.
configure:4183: $? = 1
configure: failed program was:
| /* confdefs.h */
| #define PACKAGE_NAME "hpctoolkit-externals"
| #define PACKAGE_TARNAME "hpctoolkit-externals"
| #define PACKAGE_VERSION "2017.10"
| #define PACKAGE_STRING "hpctoolkit-externals 2017.10"
| #define PACKAGE_BUGREPORT "hpctoolkit-forum@rice.edu"
| #define PACKAGE_URL "http://hpctoolkit.org/"
| /* end confdefs.h.  */
| #include <ac_nonexistent.h>
configure:4212: checking for grep that handles long lines and -e
configure:4270: result: /bin/grep
configure:4275: checking for egrep
configure:4337: result: /bin/grep -E
configure:4342: checking for ANSI C header files
configure:4362: gcc -c -g -O2  conftest.c >&5
configure:4362: $? = 0
configure:4435: gcc -o conftest -g -O2   conftest.c  >&5
configure:4435: $? = 0
configure:4435: ./conftest
configure:4435: $? = 0
configure:4446: result: yes
configure:4459: checking for sys/types.h
configure:4459: gcc -c -g -O2  conftest.c >&5
configure:4459: $? = 0
configure:4459: result: yes
configure:4459: checking for sys/stat.h
configure:4459: gcc -c -g -O2  conftest.c >&5
configure:4459: $? = 0
configure:4459: result: yes
configure:4459: checking for stdlib.h
configure:4459: gcc -c -g -O2  conftest.c >&5
configure:4459: $? = 0
configure:4459: result: yes
configure:4459: checking for string.h
configure:4459: gcc -c -g -O2  conftest.c >&5
configure:4459: $? = 0
configure:4459: result: yes
configure:4459: checking for memory.h
configure:4459: gcc -c -g -O2  conftest.c >&5
configure:4459: $? = 0
configure:4459: result: yes
configure:4459: checking for strings.h
configure:4459: gcc -c -g -O2  conftest.c >&5
configure:4459: $? = 0
configure:4459: result: yes
configure:4459: checking for inttypes.h
configure:4459: gcc -c -g -O2  conftest.c >&5
configure:4459: $? = 0
configure:4459: result: yes
configure:4459: checking for stdint.h
configure:4459: gcc -c -g -O2  conftest.c >&5
configure:4459: $? = 0
configure:4459: result: yes
configure:4459: checking for unistd.h
configure:4459: gcc -c -g -O2  conftest.c >&5
configure:4459: $? = 0
configure:4459: result: yes
configure:4475: checking size of void *
configure:4480: gcc -o conftest -g -O2   conftest.c  >&5
configure:4480: $? = 0
configure:4480: ./conftest
configure:4480: $? = 0
configure:4494: result: 8
configure:4515: checking host wordsize
configure:4517: result: 64 bits
configure:4556: checking host wordsize from CC
configure:4561: result: 64 bits
configure:4564: checking host wordsize from CXX
configure:4569: result: 64 bits
configure:4711: checking copying package directories
configure:4752: result: done
configure:4843: checking binutils
configure:4875: result: build (new)
configure:4893: checking boost
configure:4925: result: build
configure:4943: checking libdwarf
configure:4987: result: build
configure:5010: checking libelf
configure:5057: result: build
configure:5077: checking libmonitor
configure:5107: result: build
configure:5139: checking libunwind
configure:5183: result: build
configure:5215: checking libxml2
configure:5259: result: build
configure:5279: checking lzma
configure:5327: result: build
configure:5358: checking old-monitor
configure:5388: result: no
configure:5408: checking open-analysis
configure:5438: result: no
configure:5456: checking oprofile
configure:5490: result: no
configure:5513: checking perfmon
configure:5537: result: build
configure:5555: checking symtabAPI
configure:5620: result: build
configure:5718: checking xed2
configure:5762: result: build
configure:5781: checking xerces
configure:5811: result: build
configure:5832: checking zlib
configure:5875: result: build
configure:6071: creating ./config.status

## ---------------------- ##
## Running config.status. ##
## ---------------------- ##

This file was extended by hpctoolkit-externals config.status 2017.10, which was
generated by GNU Autoconf 2.69.  Invocation command line was

  CONFIG_FILES    = 
  CONFIG_HEADERS  = 
  CONFIG_LINKS    = 
  CONFIG_COMMANDS = 
  $ ./config.status 

on ike

config.status:789: creating Makefile
config.status:789: creating Makefile.conf
config.status:789: creating externs.conf
config.status:789: creating options.conf
configure:7098: ------------------
configure:7100: Externals summary
configure:7102: ------------------
configure:7105: version: 2017.10
configure:7107: prefix: /home/proy/CCProf/CCProf/hpcToolKit/installDirExternal
configure:7109: build: x86_64-unknown-linux-gnu
configure:7111: host:  x86_64-unknown-linux-gnu
configure:7114: C compiler: gcc (Ubuntu 5.4.0-6ubuntu1~16.04.4) 5.4.0 20160609
configure:7116: Path: /usr/bin/gcc
configure:7118: CC:     'gcc'
configure:7120: CFLAGS: '-g -O2'
configure:7123: C++ compiler: g++ (Ubuntu 5.4.0-6ubuntu1~16.04.4) 5.4.0 20160609
configure:7125: Path: /usr/bin/g++
configure:7127: CXX:      'g++'
configure:7129: CXXFLAGS: '-g -O2'
configure:7132: AR:  ''
configure:7134: wordsize: 64 bits
configure:7137: binutils: build (new)
configure:7139: boost: build
configure:7141: libdwarf: build
configure:7143: libelf: build
configure:7145: libmonitor: build 
configure:7147: libunwind: build
configure:7149: libxml2: build
configure:7151: lzma: build
configure:7153: old-monitor: no
configure:7155: open-analysis: no
configure:7157: oprofile: no
configure:7159: perfmon: build
configure:7161: symtabAPI: build (9.3.2 + jump tables patch)
configure:7163: xed2: build (x86-64)
configure:7165: xerces: build
configure:7167: zlib: build

## ---------------- ##
## Cache variables. ##
## ---------------- ##

ac_cv_build=x86_64-unknown-linux-gnu
ac_cv_c_compiler_gnu=yes
ac_cv_cxx_compiler_gnu=yes
ac_cv_env_CCC_set=
ac_cv_env_CCC_value=
ac_cv_env_CC_set=set
ac_cv_env_CC_value=gcc
ac_cv_env_CFLAGS_set=
ac_cv_env_CFLAGS_value=
ac_cv_env_CPPFLAGS_set=
ac_cv_env_CPPFLAGS_value=
ac_cv_env_CPP_set=
ac_cv_env_CPP_value=
ac_cv_env_CXX11_FLAG_set=
ac_cv_env_CXX11_FLAG_value=
ac_cv_env_CXXFLAGS_set=
ac_cv_env_CXXFLAGS_value=
ac_cv_env_CXX_set=set
ac_cv_env_CXX_value=g++
ac_cv_env_LDFLAGS_set=
ac_cv_env_LDFLAGS_value=
ac_cv_env_LIBS_set=
ac_cv_env_LIBS_value=
ac_cv_env_OBJCOPY_set=
ac_cv_env_OBJCOPY_value=
ac_cv_env_build_alias_set=
ac_cv_env_build_alias_value=
ac_cv_env_host_alias_set=
ac_cv_env_host_alias_value=
ac_cv_env_target_alias_set=
ac_cv_env_target_alias_value=
ac_cv_header_inttypes_h=yes
ac_cv_header_memory_h=yes
ac_cv_header_stdc=yes
ac_cv_header_stdint_h=yes
ac_cv_header_stdlib_h=yes
ac_cv_header_string_h=yes
ac_cv_header_strings_h=yes
ac_cv_header_sys_stat_h=yes
ac_cv_header_sys_types_h=yes
ac_cv_header_unistd_h=yes
ac_cv_host=x86_64-unknown-linux-gnu
ac_cv_objext=o
ac_cv_path_CC_PATH=/usr/bin/gcc
ac_cv_path_CXX_PATH=/usr/bin/g++
ac_cv_path_EGREP='/bin/grep -E'
ac_cv_path_GREP=/bin/grep
ac_cv_prog_CPP='gcc -E'
ac_cv_prog_ac_ct_CC=gcc
ac_cv_prog_ac_ct_objcopy_prog=objcopy
ac_cv_prog_cc_c89=
ac_cv_prog_cc_g=yes
ac_cv_prog_cmake_found=yes
ac_cv_prog_cxx_g=yes
ac_cv_sizeof_void_p=8

## ----------------- ##
## Output variables. ##
## ----------------- ##

AR=''
CC='gcc'
CC_PATH='/usr/bin/gcc'
CFLAGS='-g -O2'
CPP='gcc -E'
CPPFLAGS=''
CXX11_FLAG=''
CXX='g++'
CXXFLAGS='-g -O2'
CXX_PATH='/usr/bin/g++'
DEFS='-DPACKAGE_NAME=\"hpctoolkit-externals\" -DPACKAGE_TARNAME=\"hpctoolkit-externals\" -DPACKAGE_VERSION=\"2017.10\" -DPACKAGE_STRING=\"hpctoolkit-externals\ 2017.10\" -DPACKAGE_BUGREPORT=\"hpctoolkit-forum@rice.edu\" -DPACKAGE_URL=\"http://hpctoolkit.org/\" -DSTDC_HEADERS=1 -DHAVE_SYS_TYPES_H=1 -DHAVE_SYS_STAT_H=1 -DHAVE_STDLIB_H=1 -DHAVE_STRING_H=1 -DHAVE_MEMORY_H=1 -DHAVE_STRINGS_H=1 -DHAVE_INTTYPES_H=1 -DHAVE_STDINT_H=1 -DHAVE_UNISTD_H=1 -DSIZEOF_VOID_P=8'
ECHO_C=''
ECHO_N='-n'
ECHO_T=''
EGREP='/bin/grep -E'
EXEEXT=''
GREP='/bin/grep'
LDFLAGS=''
LIBOBJS=''
LIBS=''
LTLIBOBJS=''
OBJCOPY=''
OBJEXT='o'
PACKAGE_BUGREPORT='hpctoolkit-forum@rice.edu'
PACKAGE_NAME='hpctoolkit-externals'
PACKAGE_STRING='hpctoolkit-externals 2017.10'
PACKAGE_TARNAME='hpctoolkit-externals'
PACKAGE_URL='http://hpctoolkit.org/'
PACKAGE_VERSION='2017.10'
PATH_SEPARATOR=':'
SHELL='/bin/bash'
ac_ct_CC='gcc'
ac_ct_CXX=''
bindir='${exec_prefix}/bin'
binutils_prefix='/home/proy/CCProf/CCProf/hpcToolKit/installDirExternal/binutils'
boost_prefix='/home/proy/CCProf/CCProf/hpcToolKit/installDirExternal/boost'
build='x86_64-unknown-linux-gnu'
build_alias=''
build_cpu='x86_64'
build_os='linux-gnu'
build_vendor='unknown'
cflags_fpic='-fPIC'
cmake_found='yes'
cxx_c11_flag='-std=c++11'
datadir='${datarootdir}'
datarootdir='${prefix}/share'
docdir='${datarootdir}/doc/${PACKAGE_TARNAME}'
dvidir='${docdir}'
exec_prefix='${prefix}'
gnu_make='make'
host='x86_64-unknown-linux-gnu'
host_alias=''
host_cpu='x86_64'
host_os='linux-gnu'
host_vendor='unknown'
htmldir='${docdir}'
includedir='${prefix}/include'
infodir='${datarootdir}/info'
is_cross_compile=''
libdir='${exec_prefix}/lib'
libdwarf_inc='/home/proy/CCProf/CCProf/hpcToolKit/installDirExternal/libdwarf/include'
libdwarf_lib='/home/proy/CCProf/CCProf/hpcToolKit/installDirExternal/libdwarf/lib'
libdwarf_prefix='/home/proy/CCProf/CCProf/hpcToolKit/installDirExternal/libdwarf'
libelf_inc='/home/proy/CCProf/CCProf/hpcToolKit/installDirExternal/libelf/include'
libelf_lib='/home/proy/CCProf/CCProf/hpcToolKit/installDirExternal/libelf/lib'
libelf_prefix='/home/proy/CCProf/CCProf/hpcToolKit/installDirExternal/libelf'
libexecdir='${exec_prefix}/libexec'
libmonitor_prefix='/home/proy/CCProf/CCProf/hpcToolKit/installDirExternal/libmonitor'
libmonitor_use_bgq_backend='no'
libunwind_inc='/home/proy/CCProf/CCProf/hpcToolKit/installDirExternal/libunwind/include'
libunwind_lib='/home/proy/CCProf/CCProf/hpcToolKit/installDirExternal/libunwind/lib'
libunwind_prefix='/home/proy/CCProf/CCProf/hpcToolKit/installDirExternal/libunwind'
libxml2_inc='/home/proy/CCProf/CCProf/hpcToolKit/installDirExternal/libxml2/include/libxml2'
libxml2_lib='/home/proy/CCProf/CCProf/hpcToolKit/installDirExternal/libxml2/lib'
libxml2_prefix='/home/proy/CCProf/CCProf/hpcToolKit/installDirExternal/libxml2'
localedir='${datarootdir}/locale'
localstatedir='${prefix}/var'
lzma_inc='/home/proy/CCProf/CCProf/hpcToolKit/installDirExternal/lzma/include'
lzma_lib='/home/proy/CCProf/CCProf/hpcToolKit/installDirExternal/lzma/lib'
lzma_prefix='/home/proy/CCProf/CCProf/hpcToolKit/installDirExternal/lzma'
mandir='${datarootdir}/man'
objcopy_prog='objcopy'
old_monitor_prefix='no'
oldincludedir='/usr/include'
open_analysis_prefix='no'
oprofile_prefix='no'
pdfdir='${docdir}'
perfmon_prefix='/home/proy/CCProf/CCProf/hpcToolKit/installDirExternal/perfmon'
ppc64_bgq_avail='no'
prefix='/home/proy/CCProf/CCProf/hpcToolKit/installDirExternal'
program_transform_name='s,x,x,'
psdir='${docdir}'
sbindir='${exec_prefix}/sbin'
sharedstatedir='${prefix}/com'
svn_revision='0'
symtabAPI_platform='x86_64-unknown-linux2.4'
symtabAPI_prefix='/home/proy/CCProf/CCProf/hpcToolKit/installDirExternal/symtabAPI'
symtab_cflags=' -g -O2'
symtab_cxxflags=' -g -O2'
sysconfdir='${prefix}/etc'
target_alias=''
with_dyninst_src='no'
with_mpi='no'
wordsize='64'
xed2_prefix='/home/proy/CCProf/CCProf/hpcToolKit/installDirExternal/xed2'
xed2_type='x86-64'
xerces_platform='linux'
xerces_prefix='/home/proy/CCProf/CCProf/hpcToolKit/installDirExternal/xerces'
zlib_inc='/home/proy/CCProf/CCProf/hpcToolKit/installDirExternal/zlib/include'
zlib_lib='/home/proy/CCProf/CCProf/hpcToolKit/installDirExternal/zlib/lib'
zlib_prefix='/home/proy/CCProf/CCProf/hpcToolKit/installDirExternal/zlib'

## ----------- ##
## confdefs.h. ##
## ----------- ##

/* confdefs.h */
#define PACKAGE_NAME "hpctoolkit-externals"
#define PACKAGE_TARNAME "hpctoolkit-externals"
#define PACKAGE_VERSION "2017.10"
#define PACKAGE_STRING "hpctoolkit-externals 2017.10"
#define PACKAGE_BUGREPORT "hpctoolkit-forum@rice.edu"
#define PACKAGE_URL "http://hpctoolkit.org/"
#define STDC_HEADERS 1
#define HAVE_SYS_TYPES_H 1
#define HAVE_SYS_STAT_H 1
#define HAVE_STDLIB_H 1
#define HAVE_STRING_H 1
#define HAVE_MEMORY_H 1
#define HAVE_STRINGS_H 1
#define HAVE_INTTYPES_H 1
#define HAVE_STDINT_H 1
#define HAVE_UNISTD_H 1
#define SIZEOF_VOID_P 8

configure: exit 0
